0 verbose cli /opt/homebrew/Cellar/node/25.9.0_1/bin/node /opt/homebrew/bin/npm
1 info using npm@11.12.1
2 info using node@v25.9.0
3 silly config load:file:/opt/homebrew/lib/node_modules/npm/npmrc
4 silly config load:file:/Users/mktsoy/Dev/flowr-4-main/.npmrc
5 silly config load:file:/Users/mktsoy/.npmrc
6 silly config load:file:/opt/homebrew/etc/npmrc
7 verbose title npm install next-themes
8 verbose argv "install" "next-themes" "--cache" ".npm"
9 verbose logfile logs-max:10 dir:/Users/mktsoy/Dev/flowr-4-main/.npm/_logs/2026-05-21T15_06_12_895Z-
10 verbose logfile /Users/mktsoy/Dev/flowr-4-main/.npm/_logs/2026-05-21T15_06_12_895Z-debug-0.log
11 silly logfile done cleaning log files
12 silly packumentCache heap:4496293888 maxSize:1124073472 maxEntrySize:562036736
13 http fetch GET https://registry.npmjs.org/npm attempt 1 failed with ENOTFOUND
14 verbose shrinkwrap failed to load node_modules/.package-lock.json out of date, updated: node_modules
15 silly idealTree buildDeps
16 silly fetch manifest next-themes@*
17 silly packumentCache full:https://registry.npmjs.org/next-themes cache-miss
18 http fetch GET https://registry.npmjs.org/next-themes attempt 1 failed with ENOTFOUND
19 http fetch GET https://registry.npmjs.org/npm attempt 2 failed with ENOTFOUND
20 http fetch GET https://registry.npmjs.org/next-themes attempt 2 failed with ENOTFOUND
21 http fetch GET https://registry.npmjs.org/npm attempt 3 failed with ENOTFOUND
22 http fetch GET https://registry.npmjs.org/next-themes attempt 3 failed with ENOTFOUND
23 silly placeDep ROOT next-themes@ OK for: flowr-4.10.0@4.10.0 want: *
24 verbose type system
25 verbose stack FetchError: request to https://registry.npmjs.org/next-themes failed, reason: getaddrinfo ENOTFOUND registry.npmjs.org
25 verbose stack     at ClientRequest.<anonymous> (/opt/homebrew/lib/node_modules/npm/node_modules/minipass-fetch/lib/index.js:130:14)
25 verbose stack     at ClientRequest.emit (node:events:509:20)
25 verbose stack     at emitErrorEvent (node:_http_client:109:11)
25 verbose stack     at _destroy (node:_http_client:993:9)
25 verbose stack     at onSocketNT (node:_http_client:1013:5)
25 verbose stack     at process.processTicksAndRejections (node:internal/process/task_queues:91:21)
26 error code ENOTFOUND
27 error syscall getaddrinfo
28 error errno ENOTFOUND
29 error network request to https://registry.npmjs.org/next-themes failed, reason: getaddrinfo ENOTFOUND registry.npmjs.org
30 error network This is a problem related to network connectivity.
30 error network In most cases you are behind a proxy or have bad network settings.
30 error network
30 error network If you are behind a proxy, please make sure that the 'proxy' config is set properly.  See: 'npm help config'
31 silly unfinished npm timer reify 1779375973155
32 silly unfinished npm timer reify:loadTrees 1779375973157
33 verbose cwd /Users/mktsoy/Dev/flowr-4-main
34 verbose os Darwin 24.6.0
35 verbose node v25.9.0
36 verbose npm  v11.12.1
37 verbose exit 1
38 verbose code 1
39 error A complete log of this run can be found in: /Users/mktsoy/Dev/flowr-4-main/.npm/_logs/2026-05-21T15_06_12_895Z-debug-0.log
